<?xml version="1.0" encoding="UTF-8"?>
<!-- Generated by org.testng.reporters.JUnitReportReporter -->
<testsuite hostname="EPUALVIW0945" failures="0" tests="4" name="com.goodreads.GoodReadsTest" time="10.856" errors="0" timestamp="14 янв. 2019 10:34:20 GMT" skipped="0">
  <testcase classname="com.goodreads.GoodReadsTest" name="verifyGoodReadsBookSearch" time="1.813"/>
  <testcase classname="com.goodreads.GoodReadsTest" name="verifyGoodReadsAuthorSeriesSearch" time="1.496"/>
  <testcase classname="com.goodreads.GoodReadsTest" name="verifyGoodReadsBookReviewsSearch" time="1.807"/>
  <testcase classname="com.goodreads.GoodReadsTest" name="verifyGoodReadsAuthorSearch" time="5.740"/>
</testsuite> <!-- com.goodreads.GoodReadsTest -->
