<?xml version="1.0" encoding="UTF-8"?>
<testsuite name="com.goodreads.GoodReadsTest" tests="4" skipped="0" failures="0" errors="0" timestamp="2019-01-14T10:34:09" hostname="EPUALVIW0945" time="11.001">
  <properties/>
  <testcase name="verifyGoodReadsAuthorSearch" classname="com.goodreads.GoodReadsTest" time="5.74"/>
  <testcase name="verifyGoodReadsAuthorSeriesSearch" classname="com.goodreads.GoodReadsTest" time="1.496"/>
  <testcase name="verifyGoodReadsBookReviewsSearch" classname="com.goodreads.GoodReadsTest" time="1.807"/>
  <testcase name="verifyGoodReadsBookSearch" classname="com.goodreads.GoodReadsTest" time="1.813"/>
  <system-out><![CDATA[]]></system-out>
  <system-err><![CDATA[log4j:WARN No appenders could be found for logger (org.apache.http.impl.conn.BasicClientConnectionManager).
log4j:WARN Please initialize the log4j system properly.
log4j:WARN See http://logging.apache.org/log4j/1.2/faq.html#noconfig for more info.
]]></system-err>
</testsuite>
